<?xml version="1.0" encoding="UTF-8"?>
<robot generator="Robot 2.9 (Jython 2.7.0 on java1.7.0_65)" generated="20150904 19:05:41.563">
<suite source="/Users/katiewood/Documents/TicTacToe_KW/acceptance/TicTacToeTests.txt" id="s1" name="TicTacToeTests">
<test id="s1-t1" name="Win Diagonally as X">
<kw library="TicTacToeKeywords" name="Start New Game">
<status status="PASS" starttime="20150904 19:05:42.344" endtime="20150904 19:05:42.350"></status>
</kw>
<kw library="TicTacToeKeywords" name="Mark Location">
<arguments>
<arg>1</arg>
<arg>1</arg>
</arguments>
<status status="PASS" starttime="20150904 19:05:42.355" endtime="20150904 19:05:42.361"></status>
</kw>
<kw name="Check Location">
<arguments>
<arg>1</arg>
<arg>1</arg>
<arg>X</arg>
</arguments>
<kw library="TicTacToeKeywords" name="Get Mark">
<arguments>
<arg>${row}</arg>
<arg>${col}</arg>
</arguments>
<assign>
<var>${m}</var>
</assign>
<msg timestamp="20150904 19:05:42.387" level="INFO">${m} = </msg>
<status status="PASS" starttime="20150904 19:05:42.377" endtime="20150904 19:05:42.389"></status>
</kw>
<kw library="BuiltIn" name="Should Be Equal">
<doc>Fails if the given objects are unequal.</doc>
<arguments>
<arg>${m}</arg>
<arg>${mark}</arg>
</arguments>
<msg timestamp="20150904 19:05:42.402" level="FAIL"> != X</msg>
<status status="FAIL" starttime="20150904 19:05:42.392" endtime="20150904 19:05:42.404"></status>
</kw>
<status status="FAIL" starttime="20150904 19:05:42.364" endtime="20150904 19:05:42.408"></status>
</kw>
<status status="FAIL" starttime="20150904 19:05:42.334" endtime="20150904 19:05:42.412" critical="yes"> != X</status>
</test>
<test id="s1-t2" name="Win Horizontally as O">
<kw library="TicTacToeKeywords" name="Start New Game">
<status status="PASS" starttime="20150904 19:05:42.424" endtime="20150904 19:05:42.428"></status>
</kw>
<kw library="TicTacToeKeywords" name="Mark Location">
<arguments>
<arg>1</arg>
<arg>1</arg>
</arguments>
<status status="PASS" starttime="20150904 19:05:42.432" endtime="20150904 19:05:42.438"></status>
</kw>
<kw name="Check Location">
<arguments>
<arg>1</arg>
<arg>1</arg>
<arg>X</arg>
</arguments>
<kw library="TicTacToeKeywords" name="Get Mark">
<arguments>
<arg>${row}</arg>
<arg>${col}</arg>
</arguments>
<assign>
<var>${m}</var>
</assign>
<msg timestamp="20150904 19:05:42.459" level="INFO">${m} = </msg>
<status status="PASS" starttime="20150904 19:05:42.451" endtime="20150904 19:05:42.461"></status>
</kw>
<kw library="BuiltIn" name="Should Be Equal">
<doc>Fails if the given objects are unequal.</doc>
<arguments>
<arg>${m}</arg>
<arg>${mark}</arg>
</arguments>
<msg timestamp="20150904 19:05:42.472" level="FAIL"> != X</msg>
<status status="FAIL" starttime="20150904 19:05:42.464" endtime="20150904 19:05:42.474"></status>
</kw>
<status status="FAIL" starttime="20150904 19:05:42.441" endtime="20150904 19:05:42.476"></status>
</kw>
<status status="FAIL" starttime="20150904 19:05:42.416" endtime="20150904 19:05:42.478" critical="yes"> != X</status>
</test>
<test id="s1-t3" name="Force a Tie">
<kw library="TicTacToeKeywords" name="Start New Game">
<status status="PASS" starttime="20150904 19:05:42.487" endtime="20150904 19:05:42.490"></status>
</kw>
<kw library="TicTacToeKeywords" name="Mark Location">
<arguments>
<arg>1</arg>
<arg>1</arg>
</arguments>
<status status="PASS" starttime="20150904 19:05:42.492" endtime="20150904 19:05:42.496"></status>
</kw>
<kw name="Check Location">
<arguments>
<arg>1</arg>
<arg>1</arg>
<arg>X</arg>
</arguments>
<kw library="TicTacToeKeywords" name="Get Mark">
<arguments>
<arg>${row}</arg>
<arg>${col}</arg>
</arguments>
<assign>
<var>${m}</var>
</assign>
<msg timestamp="20150904 19:05:42.508" level="INFO">${m} = </msg>
<status status="PASS" starttime="20150904 19:05:42.503" endtime="20150904 19:05:42.509"></status>
</kw>
<kw library="BuiltIn" name="Should Be Equal">
<doc>Fails if the given objects are unequal.</doc>
<arguments>
<arg>${m}</arg>
<arg>${mark}</arg>
</arguments>
<msg timestamp="20150904 19:05:42.517" level="FAIL"> != X</msg>
<status status="FAIL" starttime="20150904 19:05:42.511" endtime="20150904 19:05:42.519"></status>
</kw>
<status status="FAIL" starttime="20150904 19:05:42.497" endtime="20150904 19:05:42.521"></status>
</kw>
<status status="FAIL" starttime="20150904 19:05:42.481" endtime="20150904 19:05:42.523" critical="yes"> != X</status>
</test>
<status status="FAIL" starttime="20150904 19:05:41.689" endtime="20150904 19:05:42.528"></status>
</suite>
<statistics>
<total>
<stat pass="0" fail="3">Critical Tests</stat>
<stat pass="0" fail="3">All Tests</stat>
</total>
<tag>
</tag>
<suite>
<stat pass="0" id="s1" fail="3" name="TicTacToeTests">TicTacToeTests</stat>
</suite>
</statistics>
<errors>
</errors>
</robot>
