<?xml version="1.0" encoding="UTF-8"?>
<robot generator="Robot 2.9 (Jython 2.7.0 on java1.7.0_65)" generated="20150916 22:44:53.848">
<suite source="/Users/katiewood/Documents/TicTacToe_KW/acceptance/TicTacToeGUITests.txt" id="s1" name="TicTacToeGUITests">
<test id="s1-t1" name="Win Diagonally as X">
<kw name="Start New Game">
<kw library="SwingLibrary" name="Start Application">
<doc>Alias for `Launch Application` keyword</doc>
<arguments>
<arg>edu.jsu.mcis.TicTacToeGame</arg>
</arguments>
<msg timestamp="20150916 22:44:55.814" level="FAIL">edu.jsu.mcis.TicTacToeGame</msg>
<status status="FAIL" starttime="20150916 22:44:55.784" endtime="20150916 22:44:55.815"></status>
</kw>
<status status="FAIL" starttime="20150916 22:44:55.778" endtime="20150916 22:44:55.818"></status>
</kw>
<status status="FAIL" starttime="20150916 22:44:55.772" endtime="20150916 22:44:55.821" critical="yes">edu.jsu.mcis.TicTacToeGame</status>
</test>
<test id="s1-t2" name="Win Horizontally as O">
<kw name="Start New Game">
<kw library="SwingLibrary" name="Start Application">
<doc>Alias for `Launch Application` keyword</doc>
<arguments>
<arg>edu.jsu.mcis.TicTacToeGame</arg>
</arguments>
<msg timestamp="20150916 22:44:55.857" level="FAIL">edu.jsu.mcis.TicTacToeGame</msg>
<status status="FAIL" starttime="20150916 22:44:55.832" endtime="20150916 22:44:55.859"></status>
</kw>
<status status="FAIL" starttime="20150916 22:44:55.828" endtime="20150916 22:44:55.862"></status>
</kw>
<status status="FAIL" starttime="20150916 22:44:55.824" endtime="20150916 22:44:55.865" critical="yes">edu.jsu.mcis.TicTacToeGame</status>
</test>
<test id="s1-t3" name="Force a Tie">
<kw name="Start New Game">
<kw library="SwingLibrary" name="Start Application">
<doc>Alias for `Launch Application` keyword</doc>
<arguments>
<arg>edu.jsu.mcis.TicTacToeGame</arg>
</arguments>
<msg timestamp="20150916 22:44:55.901" level="FAIL">edu.jsu.mcis.TicTacToeGame</msg>
<status status="FAIL" starttime="20150916 22:44:55.877" endtime="20150916 22:44:55.903"></status>
</kw>
<status status="FAIL" starttime="20150916 22:44:55.873" endtime="20150916 22:44:55.905"></status>
</kw>
<status status="FAIL" starttime="20150916 22:44:55.869" endtime="20150916 22:44:55.907" critical="yes">edu.jsu.mcis.TicTacToeGame</status>
</test>
<status status="FAIL" starttime="20150916 22:44:53.884" endtime="20150916 22:44:55.913"></status>
</suite>
<statistics>
<total>
<stat pass="0" fail="3">Critical Tests</stat>
<stat pass="0" fail="3">All Tests</stat>
</total>
<tag>
</tag>
<suite>
<stat pass="0" id="s1" fail="3" name="TicTacToeGUITests">TicTacToeGUITests</stat>
</suite>
</statistics>
<errors>
</errors>
</robot>
