<?xml version="1.0" encoding="UTF-8"?>
<robot generator="Robot 2.9 (Jython 2.7.0 on java1.7.0_65)" generated="20150906 20:24:18.470">
<suite source="/Users/katiewood/Documents/TicTacToe_KW/acceptance/TicTacToeTests.txt" id="s1" name="TicTacToeTests">
<test id="s1-t1" name="Win Diagonally as X">
<kw library="TicTacToeKeywords" name="Start New Game">
<status status="PASS" starttime="20150906 20:24:19.229" endtime="20150906 20:24:19.235"></status>
</kw>
<kw library="TicTacToeKeywords" name="Mark Location">
<arguments>
<arg>1</arg>
<arg>1</arg>
</arguments>
<status status="PASS" starttime="20150906 20:24:19.239" endtime="20150906 20:24:19.246"></status>
</kw>
<kw name="Check Location">
<arguments>
<arg>1</arg>
<arg>1</arg>
<arg>X</arg>
</arguments>
<kw library="TicTacToeKeywords" name="Get Mark">
<arguments>
<arg>${row}</arg>
<arg>${col}</arg>
</arguments>
<assign>
<var>${m}</var>
</assign>
<msg timestamp="20150906 20:24:19.273" level="INFO">${m} = </msg>
<status status="PASS" starttime="20150906 20:24:19.263" endtime="20150906 20:24:19.275"></status>
</kw>
<kw library="BuiltIn" name="Should Be Equal">
<doc>Fails if the given objects are unequal.</doc>
<arguments>
<arg>${m}</arg>
<arg>${mark}</arg>
</arguments>
<msg timestamp="20150906 20:24:19.286" level="FAIL"> != X</msg>
<status status="FAIL" starttime="20150906 20:24:19.278" endtime="20150906 20:24:19.288"></status>
</kw>
<status status="FAIL" starttime="20150906 20:24:19.249" endtime="20150906 20:24:19.292"></status>
</kw>
<status status="FAIL" starttime="20150906 20:24:19.219" endtime="20150906 20:24:19.296" critical="yes"> != X</status>
</test>
<test id="s1-t2" name="Win Horizontally as O">
<kw library="TicTacToeKeywords" name="Start New Game">
<status status="PASS" starttime="20150906 20:24:19.307" endtime="20150906 20:24:19.311"></status>
</kw>
<kw library="TicTacToeKeywords" name="Mark Location">
<arguments>
<arg>1</arg>
<arg>1</arg>
</arguments>
<status status="PASS" starttime="20150906 20:24:19.314" endtime="20150906 20:24:19.319"></status>
</kw>
<kw name="Check Location">
<arguments>
<arg>1</arg>
<arg>1</arg>
<arg>X</arg>
</arguments>
<kw library="TicTacToeKeywords" name="Get Mark">
<arguments>
<arg>${row}</arg>
<arg>${col}</arg>
</arguments>
<assign>
<var>${m}</var>
</assign>
<msg timestamp="20150906 20:24:19.338" level="INFO">${m} = </msg>
<status status="PASS" starttime="20150906 20:24:19.331" endtime="20150906 20:24:19.339"></status>
</kw>
<kw library="BuiltIn" name="Should Be Equal">
<doc>Fails if the given objects are unequal.</doc>
<arguments>
<arg>${m}</arg>
<arg>${mark}</arg>
</arguments>
<msg timestamp="20150906 20:24:19.349" level="FAIL"> != X</msg>
<status status="FAIL" starttime="20150906 20:24:19.342" endtime="20150906 20:24:19.350"></status>
</kw>
<status status="FAIL" starttime="20150906 20:24:19.321" endtime="20150906 20:24:19.352"></status>
</kw>
<status status="FAIL" starttime="20150906 20:24:19.300" endtime="20150906 20:24:19.356" critical="yes"> != X</status>
</test>
<test id="s1-t3" name="Force a Tie">
<kw library="TicTacToeKeywords" name="Start New Game">
<status status="PASS" starttime="20150906 20:24:19.366" endtime="20150906 20:24:19.369"></status>
</kw>
<kw library="TicTacToeKeywords" name="Mark Location">
<arguments>
<arg>1</arg>
<arg>1</arg>
</arguments>
<status status="PASS" starttime="20150906 20:24:19.371" endtime="20150906 20:24:19.375"></status>
</kw>
<kw name="Check Location">
<arguments>
<arg>1</arg>
<arg>1</arg>
<arg>X</arg>
</arguments>
<kw library="TicTacToeKeywords" name="Get Mark">
<arguments>
<arg>${row}</arg>
<arg>${col}</arg>
</arguments>
<assign>
<var>${m}</var>
</assign>
<msg timestamp="20150906 20:24:19.389" level="INFO">${m} = </msg>
<status status="PASS" starttime="20150906 20:24:19.382" endtime="20150906 20:24:19.391"></status>
</kw>
<kw library="BuiltIn" name="Should Be Equal">
<doc>Fails if the given objects are unequal.</doc>
<arguments>
<arg>${m}</arg>
<arg>${mark}</arg>
</arguments>
<msg timestamp="20150906 20:24:19.399" level="FAIL"> != X</msg>
<status status="FAIL" starttime="20150906 20:24:19.393" endtime="20150906 20:24:19.401"></status>
</kw>
<status status="FAIL" starttime="20150906 20:24:19.376" endtime="20150906 20:24:19.403"></status>
</kw>
<status status="FAIL" starttime="20150906 20:24:19.360" endtime="20150906 20:24:19.405" critical="yes"> != X</status>
</test>
<status status="FAIL" starttime="20150906 20:24:18.503" endtime="20150906 20:24:19.412"></status>
</suite>
<statistics>
<total>
<stat pass="0" fail="3">Critical Tests</stat>
<stat pass="0" fail="3">All Tests</stat>
</total>
<tag>
</tag>
<suite>
<stat pass="0" id="s1" fail="3" name="TicTacToeTests">TicTacToeTests</stat>
</suite>
</statistics>
<errors>
</errors>
</robot>
