<?xml version="1.0" encoding="UTF-8"?>
<robot generator="Robot 2.9 (Jython 2.7.0 on java1.7.0_65)" generated="20150909 23:05:36.600">
<suite source="/Users/katiewood/Documents/TicTacToe_KW/acceptance/TicTacToeTests.txt" id="s1" name="TicTacToeTests">
<test id="s1-t1" name="Win Diagonally as X">
<kw library="TicTacToeKeywords" name="Start New Game">
<status status="PASS" starttime="20150909 23:05:37.469" endtime="20150909 23:05:37.476"></status>
</kw>
<kw library="TicTacToeKeywords" name="Mark Location">
<arguments>
<arg>1</arg>
<arg>1</arg>
</arguments>
<status status="PASS" starttime="20150909 23:05:37.481" endtime="20150909 23:05:37.488"></status>
</kw>
<kw name="Check Location">
<arguments>
<arg>1</arg>
<arg>1</arg>
<arg>X</arg>
</arguments>
<kw library="TicTacToeKeywords" name="Get Mark">
<arguments>
<arg>${row}</arg>
<arg>${col}</arg>
</arguments>
<assign>
<var>${m}</var>
</assign>
<msg timestamp="20150909 23:05:37.516" level="INFO">${m} = X</msg>
<status status="PASS" starttime="20150909 23:05:37.506" endtime="20150909 23:05:37.518"></status>
</kw>
<kw library="BuiltIn" name="Should Be Equal">
<doc>Fails if the given objects are unequal.</doc>
<arguments>
<arg>${m}</arg>
<arg>${mark}</arg>
</arguments>
<status status="PASS" starttime="20150909 23:05:37.522" endtime="20150909 23:05:37.530"></status>
</kw>
<status status="PASS" starttime="20150909 23:05:37.492" endtime="20150909 23:05:37.533"></status>
</kw>
<kw library="TicTacToeKeywords" name="Mark Location">
<arguments>
<arg>0</arg>
<arg>1</arg>
</arguments>
<status status="PASS" starttime="20150909 23:05:37.537" endtime="20150909 23:05:37.542"></status>
</kw>
<kw name="Check Location">
<arguments>
<arg>0</arg>
<arg>1</arg>
<arg>O</arg>
</arguments>
<kw library="TicTacToeKeywords" name="Get Mark">
<arguments>
<arg>${row}</arg>
<arg>${col}</arg>
</arguments>
<assign>
<var>${m}</var>
</assign>
<msg timestamp="20150909 23:05:37.559" level="INFO">${m} = O</msg>
<status status="PASS" starttime="20150909 23:05:37.552" endtime="20150909 23:05:37.560"></status>
</kw>
<kw library="BuiltIn" name="Should Be Equal">
<doc>Fails if the given objects are unequal.</doc>
<arguments>
<arg>${m}</arg>
<arg>${mark}</arg>
</arguments>
<status status="PASS" starttime="20150909 23:05:37.562" endtime="20150909 23:05:37.569"></status>
</kw>
<status status="PASS" starttime="20150909 23:05:37.545" endtime="20150909 23:05:37.571"></status>
</kw>
<kw library="TicTacToeKeywords" name="Mark Location">
<arguments>
<arg>0</arg>
<arg>0</arg>
</arguments>
<status status="PASS" starttime="20150909 23:05:37.573" endtime="20150909 23:05:37.577"></status>
</kw>
<kw name="Check Location">
<arguments>
<arg>0</arg>
<arg>0</arg>
<arg>X</arg>
</arguments>
<kw library="TicTacToeKeywords" name="Get Mark">
<arguments>
<arg>${row}</arg>
<arg>${col}</arg>
</arguments>
<assign>
<var>${m}</var>
</assign>
<msg timestamp="20150909 23:05:37.590" level="INFO">${m} = X</msg>
<status status="PASS" starttime="20150909 23:05:37.584" endtime="20150909 23:05:37.591"></status>
</kw>
<kw library="BuiltIn" name="Should Be Equal">
<doc>Fails if the given objects are unequal.</doc>
<arguments>
<arg>${m}</arg>
<arg>${mark}</arg>
</arguments>
<status status="PASS" starttime="20150909 23:05:37.593" endtime="20150909 23:05:37.599"></status>
</kw>
<status status="PASS" starttime="20150909 23:05:37.579" endtime="20150909 23:05:37.601"></status>
</kw>
<kw library="TicTacToeKeywords" name="Mark Location">
<arguments>
<arg>0</arg>
<arg>2</arg>
</arguments>
<status status="PASS" starttime="20150909 23:05:37.603" endtime="20150909 23:05:37.607"></status>
</kw>
<kw name="Check Location">
<arguments>
<arg>0</arg>
<arg>2</arg>
<arg>O</arg>
</arguments>
<kw library="TicTacToeKeywords" name="Get Mark">
<arguments>
<arg>${row}</arg>
<arg>${col}</arg>
</arguments>
<assign>
<var>${m}</var>
</assign>
<msg timestamp="20150909 23:05:37.621" level="INFO">${m} = O</msg>
<status status="PASS" starttime="20150909 23:05:37.614" endtime="20150909 23:05:37.621"></status>
</kw>
<kw library="BuiltIn" name="Should Be Equal">
<doc>Fails if the given objects are unequal.</doc>
<arguments>
<arg>${m}</arg>
<arg>${mark}</arg>
</arguments>
<status status="PASS" starttime="20150909 23:05:37.623" endtime="20150909 23:05:37.630"></status>
</kw>
<status status="PASS" starttime="20150909 23:05:37.608" endtime="20150909 23:05:37.631"></status>
</kw>
<kw library="TicTacToeKeywords" name="Mark Location">
<arguments>
<arg>2</arg>
<arg>2</arg>
</arguments>
<status status="PASS" starttime="20150909 23:05:37.634" endtime="20150909 23:05:37.638"></status>
</kw>
<kw name="Check Location">
<arguments>
<arg>2</arg>
<arg>2</arg>
<arg>X</arg>
</arguments>
<kw library="TicTacToeKeywords" name="Get Mark">
<arguments>
<arg>${row}</arg>
<arg>${col}</arg>
</arguments>
<assign>
<var>${m}</var>
</assign>
<msg timestamp="20150909 23:05:37.654" level="INFO">${m} = X</msg>
<status status="PASS" starttime="20150909 23:05:37.648" endtime="20150909 23:05:37.655"></status>
</kw>
<kw library="BuiltIn" name="Should Be Equal">
<doc>Fails if the given objects are unequal.</doc>
<arguments>
<arg>${m}</arg>
<arg>${mark}</arg>
</arguments>
<status status="PASS" starttime="20150909 23:05:37.657" endtime="20150909 23:05:37.664"></status>
</kw>
<status status="PASS" starttime="20150909 23:05:37.640" endtime="20150909 23:05:37.666"></status>
</kw>
<kw name="Winner Should Be">
<arguments>
<arg>X</arg>
</arguments>
<kw library="TicTacToeKeywords" name="Get Winner">
<assign>
<var>${m}</var>
</assign>
<msg timestamp="20150909 23:05:37.677" level="INFO">${m} = X</msg>
<status status="PASS" starttime="20150909 23:05:37.673" endtime="20150909 23:05:37.678"></status>
</kw>
<kw library="BuiltIn" name="Should Be Equal">
<doc>Fails if the given objects are unequal.</doc>
<arguments>
<arg>${m}</arg>
<arg>${mark}</arg>
</arguments>
<status status="PASS" starttime="20150909 23:05:37.680" endtime="20150909 23:05:37.686"></status>
</kw>
<status status="PASS" starttime="20150909 23:05:37.668" endtime="20150909 23:05:37.688"></status>
</kw>
<status status="PASS" starttime="20150909 23:05:37.460" endtime="20150909 23:05:37.690" critical="yes"></status>
</test>
<test id="s1-t2" name="Win Horizontally as O">
<kw library="TicTacToeKeywords" name="Start New Game">
<status status="PASS" starttime="20150909 23:05:37.702" endtime="20150909 23:05:37.707"></status>
</kw>
<kw library="TicTacToeKeywords" name="Mark Location">
<arguments>
<arg>1</arg>
<arg>1</arg>
</arguments>
<status status="PASS" starttime="20150909 23:05:37.714" endtime="20150909 23:05:37.720"></status>
</kw>
<kw name="Check Location">
<arguments>
<arg>1</arg>
<arg>1</arg>
<arg>X</arg>
</arguments>
<kw library="TicTacToeKeywords" name="Get Mark">
<arguments>
<arg>${row}</arg>
<arg>${col}</arg>
</arguments>
<assign>
<var>${m}</var>
</assign>
<msg timestamp="20150909 23:05:37.734" level="INFO">${m} = X</msg>
<status status="PASS" starttime="20150909 23:05:37.728" endtime="20150909 23:05:37.735"></status>
</kw>
<kw library="BuiltIn" name="Should Be Equal">
<doc>Fails if the given objects are unequal.</doc>
<arguments>
<arg>${m}</arg>
<arg>${mark}</arg>
</arguments>
<status status="PASS" starttime="20150909 23:05:37.737" endtime="20150909 23:05:37.743"></status>
</kw>
<status status="PASS" starttime="20150909 23:05:37.722" endtime="20150909 23:05:37.745"></status>
</kw>
<kw library="TicTacToeKeywords" name="Mark Location">
<arguments>
<arg>2</arg>
<arg>0</arg>
</arguments>
<status status="PASS" starttime="20150909 23:05:37.748" endtime="20150909 23:05:37.751"></status>
</kw>
<kw name="Check Location">
<arguments>
<arg>2</arg>
<arg>0</arg>
<arg>O</arg>
</arguments>
<kw library="TicTacToeKeywords" name="Get Mark">
<arguments>
<arg>${row}</arg>
<arg>${col}</arg>
</arguments>
<assign>
<var>${m}</var>
</assign>
<msg timestamp="20150909 23:05:37.765" level="INFO">${m} = O</msg>
<status status="PASS" starttime="20150909 23:05:37.759" endtime="20150909 23:05:37.766"></status>
</kw>
<kw library="BuiltIn" name="Should Be Equal">
<doc>Fails if the given objects are unequal.</doc>
<arguments>
<arg>${m}</arg>
<arg>${mark}</arg>
</arguments>
<status status="PASS" starttime="20150909 23:05:37.768" endtime="20150909 23:05:37.774"></status>
</kw>
<status status="PASS" starttime="20150909 23:05:37.753" endtime="20150909 23:05:37.779"></status>
</kw>
<kw library="TicTacToeKeywords" name="Mark Location">
<arguments>
<arg>0</arg>
<arg>0</arg>
</arguments>
<status status="PASS" starttime="20150909 23:05:37.783" endtime="20150909 23:05:37.789"></status>
</kw>
<kw name="Check Location">
<arguments>
<arg>0</arg>
<arg>0</arg>
<arg>X</arg>
</arguments>
<kw library="TicTacToeKeywords" name="Get Mark">
<arguments>
<arg>${row}</arg>
<arg>${col}</arg>
</arguments>
<assign>
<var>${m}</var>
</assign>
<msg timestamp="20150909 23:05:37.812" level="INFO">${m} = X</msg>
<status status="PASS" starttime="20150909 23:05:37.803" endtime="20150909 23:05:37.813"></status>
</kw>
<kw library="BuiltIn" name="Should Be Equal">
<doc>Fails if the given objects are unequal.</doc>
<arguments>
<arg>${m}</arg>
<arg>${mark}</arg>
</arguments>
<status status="PASS" starttime="20150909 23:05:37.816" endtime="20150909 23:05:37.825"></status>
</kw>
<status status="PASS" starttime="20150909 23:05:37.792" endtime="20150909 23:05:37.827"></status>
</kw>
<kw library="TicTacToeKeywords" name="Mark Location">
<arguments>
<arg>2</arg>
<arg>2</arg>
</arguments>
<status status="PASS" starttime="20150909 23:05:37.831" endtime="20150909 23:05:37.836"></status>
</kw>
<kw name="Check Location">
<arguments>
<arg>2</arg>
<arg>2</arg>
<arg>O</arg>
</arguments>
<kw library="TicTacToeKeywords" name="Get Mark">
<arguments>
<arg>${row}</arg>
<arg>${col}</arg>
</arguments>
<assign>
<var>${m}</var>
</assign>
<msg timestamp="20150909 23:05:37.857" level="INFO">${m} = O</msg>
<status status="PASS" starttime="20150909 23:05:37.848" endtime="20150909 23:05:37.858"></status>
</kw>
<kw library="BuiltIn" name="Should Be Equal">
<doc>Fails if the given objects are unequal.</doc>
<arguments>
<arg>${m}</arg>
<arg>${mark}</arg>
</arguments>
<status status="PASS" starttime="20150909 23:05:37.862" endtime="20150909 23:05:37.870"></status>
</kw>
<status status="PASS" starttime="20150909 23:05:37.838" endtime="20150909 23:05:37.872"></status>
</kw>
<kw library="TicTacToeKeywords" name="Mark Location">
<arguments>
<arg>0</arg>
<arg>2</arg>
</arguments>
<status status="PASS" starttime="20150909 23:05:37.876" endtime="20150909 23:05:37.881"></status>
</kw>
<kw name="Check Location">
<arguments>
<arg>0</arg>
<arg>2</arg>
<arg>X</arg>
</arguments>
<kw library="TicTacToeKeywords" name="Get Mark">
<arguments>
<arg>${row}</arg>
<arg>${col}</arg>
</arguments>
<assign>
<var>${m}</var>
</assign>
<msg timestamp="20150909 23:05:37.899" level="INFO">${m} = X</msg>
<status status="PASS" starttime="20150909 23:05:37.890" endtime="20150909 23:05:37.901"></status>
</kw>
<kw library="BuiltIn" name="Should Be Equal">
<doc>Fails if the given objects are unequal.</doc>
<arguments>
<arg>${m}</arg>
<arg>${mark}</arg>
</arguments>
<status status="PASS" starttime="20150909 23:05:37.904" endtime="20150909 23:05:37.913"></status>
</kw>
<status status="PASS" starttime="20150909 23:05:37.884" endtime="20150909 23:05:37.916"></status>
</kw>
<kw library="TicTacToeKeywords" name="Mark Location">
<arguments>
<arg>2</arg>
<arg>1</arg>
</arguments>
<status status="PASS" starttime="20150909 23:05:37.919" endtime="20150909 23:05:37.925"></status>
</kw>
<kw name="Check Location">
<arguments>
<arg>2</arg>
<arg>1</arg>
<arg>O</arg>
</arguments>
<kw library="TicTacToeKeywords" name="Get Mark">
<arguments>
<arg>${row}</arg>
<arg>${col}</arg>
</arguments>
<assign>
<var>${m}</var>
</assign>
<msg timestamp="20150909 23:05:37.944" level="INFO">${m} = O</msg>
<status status="PASS" starttime="20150909 23:05:37.936" endtime="20150909 23:05:37.945"></status>
</kw>
<kw library="BuiltIn" name="Should Be Equal">
<doc>Fails if the given objects are unequal.</doc>
<arguments>
<arg>${m}</arg>
<arg>${mark}</arg>
</arguments>
<status status="PASS" starttime="20150909 23:05:37.948" endtime="20150909 23:05:37.958"></status>
</kw>
<status status="PASS" starttime="20150909 23:05:37.928" endtime="20150909 23:05:37.962"></status>
</kw>
<kw name="Winner Should Be">
<arguments>
<arg>O</arg>
</arguments>
<kw library="TicTacToeKeywords" name="Get Winner">
<assign>
<var>${m}</var>
</assign>
<msg timestamp="20150909 23:05:37.975" level="INFO">${m} = O</msg>
<status status="PASS" starttime="20150909 23:05:37.970" endtime="20150909 23:05:37.977"></status>
</kw>
<kw library="BuiltIn" name="Should Be Equal">
<doc>Fails if the given objects are unequal.</doc>
<arguments>
<arg>${m}</arg>
<arg>${mark}</arg>
</arguments>
<status status="PASS" starttime="20150909 23:05:37.979" endtime="20150909 23:05:37.986"></status>
</kw>
<status status="PASS" starttime="20150909 23:05:37.964" endtime="20150909 23:05:37.988"></status>
</kw>
<status status="PASS" starttime="20150909 23:05:37.693" endtime="20150909 23:05:37.990" critical="yes"></status>
</test>
<test id="s1-t3" name="Force a Tie">
<kw library="TicTacToeKeywords" name="Start New Game">
<status status="PASS" starttime="20150909 23:05:37.998" endtime="20150909 23:05:38.002"></status>
</kw>
<kw library="TicTacToeKeywords" name="Mark Location">
<arguments>
<arg>1</arg>
<arg>1</arg>
</arguments>
<status status="PASS" starttime="20150909 23:05:38.004" endtime="20150909 23:05:38.008"></status>
</kw>
<kw name="Check Location">
<arguments>
<arg>1</arg>
<arg>1</arg>
<arg>X</arg>
</arguments>
<kw library="TicTacToeKeywords" name="Get Mark">
<arguments>
<arg>${row}</arg>
<arg>${col}</arg>
</arguments>
<assign>
<var>${m}</var>
</assign>
<msg timestamp="20150909 23:05:38.023" level="INFO">${m} = X</msg>
<status status="PASS" starttime="20150909 23:05:38.018" endtime="20150909 23:05:38.024"></status>
</kw>
<kw library="BuiltIn" name="Should Be Equal">
<doc>Fails if the given objects are unequal.</doc>
<arguments>
<arg>${m}</arg>
<arg>${mark}</arg>
</arguments>
<status status="PASS" starttime="20150909 23:05:38.026" endtime="20150909 23:05:38.032"></status>
</kw>
<status status="PASS" starttime="20150909 23:05:38.011" endtime="20150909 23:05:38.035"></status>
</kw>
<kw library="TicTacToeKeywords" name="Mark Location">
<arguments>
<arg>0</arg>
<arg>0</arg>
</arguments>
<status status="PASS" starttime="20150909 23:05:38.038" endtime="20150909 23:05:38.042"></status>
</kw>
<kw name="Check Location">
<arguments>
<arg>0</arg>
<arg>0</arg>
<arg>O</arg>
</arguments>
<kw library="TicTacToeKeywords" name="Get Mark">
<arguments>
<arg>${row}</arg>
<arg>${col}</arg>
</arguments>
<assign>
<var>${m}</var>
</assign>
<msg timestamp="20150909 23:05:38.057" level="INFO">${m} = O</msg>
<status status="PASS" starttime="20150909 23:05:38.050" endtime="20150909 23:05:38.058"></status>
</kw>
<kw library="BuiltIn" name="Should Be Equal">
<doc>Fails if the given objects are unequal.</doc>
<arguments>
<arg>${m}</arg>
<arg>${mark}</arg>
</arguments>
<status status="PASS" starttime="20150909 23:05:38.060" endtime="20150909 23:05:38.065"></status>
</kw>
<status status="PASS" starttime="20150909 23:05:38.044" endtime="20150909 23:05:38.067"></status>
</kw>
<kw library="TicTacToeKeywords" name="Mark Location">
<arguments>
<arg>2</arg>
<arg>0</arg>
</arguments>
<status status="PASS" starttime="20150909 23:05:38.069" endtime="20150909 23:05:38.072"></status>
</kw>
<kw name="Check Location">
<arguments>
<arg>2</arg>
<arg>0</arg>
<arg>X</arg>
</arguments>
<kw library="TicTacToeKeywords" name="Get Mark">
<arguments>
<arg>${row}</arg>
<arg>${col}</arg>
</arguments>
<assign>
<var>${m}</var>
</assign>
<msg timestamp="20150909 23:05:38.088" level="INFO">${m} = X</msg>
<status status="PASS" starttime="20150909 23:05:38.081" endtime="20150909 23:05:38.088"></status>
</kw>
<kw library="BuiltIn" name="Should Be Equal">
<doc>Fails if the given objects are unequal.</doc>
<arguments>
<arg>${m}</arg>
<arg>${mark}</arg>
</arguments>
<status status="PASS" starttime="20150909 23:05:38.090" endtime="20150909 23:05:38.096"></status>
</kw>
<status status="PASS" starttime="20150909 23:05:38.074" endtime="20150909 23:05:38.098"></status>
</kw>
<kw library="TicTacToeKeywords" name="Mark Location">
<arguments>
<arg>0</arg>
<arg>2</arg>
</arguments>
<status status="PASS" starttime="20150909 23:05:38.100" endtime="20150909 23:05:38.103"></status>
</kw>
<kw name="Check Location">
<arguments>
<arg>0</arg>
<arg>2</arg>
<arg>O</arg>
</arguments>
<kw library="TicTacToeKeywords" name="Get Mark">
<arguments>
<arg>${row}</arg>
<arg>${col}</arg>
</arguments>
<assign>
<var>${m}</var>
</assign>
<msg timestamp="20150909 23:05:38.116" level="INFO">${m} = O</msg>
<status status="PASS" starttime="20150909 23:05:38.111" endtime="20150909 23:05:38.116"></status>
</kw>
<kw library="BuiltIn" name="Should Be Equal">
<doc>Fails if the given objects are unequal.</doc>
<arguments>
<arg>${m}</arg>
<arg>${mark}</arg>
</arguments>
<status status="PASS" starttime="20150909 23:05:38.118" endtime="20150909 23:05:38.123"></status>
</kw>
<status status="PASS" starttime="20150909 23:05:38.105" endtime="20150909 23:05:38.125"></status>
</kw>
<kw library="TicTacToeKeywords" name="Mark Location">
<arguments>
<arg>0</arg>
<arg>1</arg>
</arguments>
<status status="PASS" starttime="20150909 23:05:38.127" endtime="20150909 23:05:38.131"></status>
</kw>
<kw name="Check Location">
<arguments>
<arg>0</arg>
<arg>1</arg>
<arg>X</arg>
</arguments>
<kw library="TicTacToeKeywords" name="Get Mark">
<arguments>
<arg>${row}</arg>
<arg>${col}</arg>
</arguments>
<assign>
<var>${m}</var>
</assign>
<msg timestamp="20150909 23:05:38.148" level="INFO">${m} = X</msg>
<status status="PASS" starttime="20150909 23:05:38.141" endtime="20150909 23:05:38.149"></status>
</kw>
<kw library="BuiltIn" name="Should Be Equal">
<doc>Fails if the given objects are unequal.</doc>
<arguments>
<arg>${m}</arg>
<arg>${mark}</arg>
</arguments>
<status status="PASS" starttime="20150909 23:05:38.151" endtime="20150909 23:05:38.157"></status>
</kw>
<status status="PASS" starttime="20150909 23:05:38.133" endtime="20150909 23:05:38.159"></status>
</kw>
<kw library="TicTacToeKeywords" name="Mark Location">
<arguments>
<arg>2</arg>
<arg>1</arg>
</arguments>
<status status="PASS" starttime="20150909 23:05:38.162" endtime="20150909 23:05:38.167"></status>
</kw>
<kw name="Check Location">
<arguments>
<arg>2</arg>
<arg>1</arg>
<arg>O</arg>
</arguments>
<kw library="TicTacToeKeywords" name="Get Mark">
<arguments>
<arg>${row}</arg>
<arg>${col}</arg>
</arguments>
<assign>
<var>${m}</var>
</assign>
<msg timestamp="20150909 23:05:38.186" level="INFO">${m} = O</msg>
<status status="PASS" starttime="20150909 23:05:38.178" endtime="20150909 23:05:38.187"></status>
</kw>
<kw library="BuiltIn" name="Should Be Equal">
<doc>Fails if the given objects are unequal.</doc>
<arguments>
<arg>${m}</arg>
<arg>${mark}</arg>
</arguments>
<status status="PASS" starttime="20150909 23:05:38.190" endtime="20150909 23:05:38.199"></status>
</kw>
<status status="PASS" starttime="20150909 23:05:38.170" endtime="20150909 23:05:38.201"></status>
</kw>
<kw library="TicTacToeKeywords" name="Mark Location">
<arguments>
<arg>1</arg>
<arg>2</arg>
</arguments>
<status status="PASS" starttime="20150909 23:05:38.204" endtime="20150909 23:05:38.210"></status>
</kw>
<kw name="Check Location">
<arguments>
<arg>1</arg>
<arg>2</arg>
<arg>X</arg>
</arguments>
<kw library="TicTacToeKeywords" name="Get Mark">
<arguments>
<arg>${row}</arg>
<arg>${col}</arg>
</arguments>
<assign>
<var>${m}</var>
</assign>
<msg timestamp="20150909 23:05:38.229" level="INFO">${m} = X</msg>
<status status="PASS" starttime="20150909 23:05:38.221" endtime="20150909 23:05:38.230"></status>
</kw>
<kw library="BuiltIn" name="Should Be Equal">
<doc>Fails if the given objects are unequal.</doc>
<arguments>
<arg>${m}</arg>
<arg>${mark}</arg>
</arguments>
<status status="PASS" starttime="20150909 23:05:38.233" endtime="20150909 23:05:38.241"></status>
</kw>
<status status="PASS" starttime="20150909 23:05:38.213" endtime="20150909 23:05:38.244"></status>
</kw>
<kw library="TicTacToeKeywords" name="Mark Location">
<arguments>
<arg>1</arg>
<arg>0</arg>
</arguments>
<status status="PASS" starttime="20150909 23:05:38.247" endtime="20150909 23:05:38.252"></status>
</kw>
<kw name="Check Location">
<arguments>
<arg>1</arg>
<arg>0</arg>
<arg>O</arg>
</arguments>
<kw library="TicTacToeKeywords" name="Get Mark">
<arguments>
<arg>${row}</arg>
<arg>${col}</arg>
</arguments>
<assign>
<var>${m}</var>
</assign>
<msg timestamp="20150909 23:05:38.269" level="INFO">${m} = O</msg>
<status status="PASS" starttime="20150909 23:05:38.262" endtime="20150909 23:05:38.270"></status>
</kw>
<kw library="BuiltIn" name="Should Be Equal">
<doc>Fails if the given objects are unequal.</doc>
<arguments>
<arg>${m}</arg>
<arg>${mark}</arg>
</arguments>
<status status="PASS" starttime="20150909 23:05:38.273" endtime="20150909 23:05:38.281"></status>
</kw>
<status status="PASS" starttime="20150909 23:05:38.254" endtime="20150909 23:05:38.283"></status>
</kw>
<kw library="TicTacToeKeywords" name="Mark Location">
<arguments>
<arg>2</arg>
<arg>2</arg>
</arguments>
<status status="PASS" starttime="20150909 23:05:38.286" endtime="20150909 23:05:38.291"></status>
</kw>
<kw name="Check Location">
<arguments>
<arg>2</arg>
<arg>2</arg>
<arg>X</arg>
</arguments>
<kw library="TicTacToeKeywords" name="Get Mark">
<arguments>
<arg>${row}</arg>
<arg>${col}</arg>
</arguments>
<assign>
<var>${m}</var>
</assign>
<msg timestamp="20150909 23:05:38.305" level="INFO">${m} = X</msg>
<status status="PASS" starttime="20150909 23:05:38.300" endtime="20150909 23:05:38.306"></status>
</kw>
<kw library="BuiltIn" name="Should Be Equal">
<doc>Fails if the given objects are unequal.</doc>
<arguments>
<arg>${m}</arg>
<arg>${mark}</arg>
</arguments>
<status status="PASS" starttime="20150909 23:05:38.308" endtime="20150909 23:05:38.312"></status>
</kw>
<status status="PASS" starttime="20150909 23:05:38.294" endtime="20150909 23:05:38.314"></status>
</kw>
<kw name="Winner Should Be">
<arguments>
<arg>TIE</arg>
</arguments>
<kw library="TicTacToeKeywords" name="Get Winner">
<assign>
<var>${m}</var>
</assign>
<msg timestamp="20150909 23:05:38.323" level="INFO">${m} = TIE</msg>
<status status="PASS" starttime="20150909 23:05:38.320" endtime="20150909 23:05:38.324"></status>
</kw>
<kw library="BuiltIn" name="Should Be Equal">
<doc>Fails if the given objects are unequal.</doc>
<arguments>
<arg>${m}</arg>
<arg>${mark}</arg>
</arguments>
<status status="PASS" starttime="20150909 23:05:38.326" endtime="20150909 23:05:38.332"></status>
</kw>
<status status="PASS" starttime="20150909 23:05:38.316" endtime="20150909 23:05:38.334"></status>
</kw>
<status status="PASS" starttime="20150909 23:05:37.992" endtime="20150909 23:05:38.336" critical="yes"></status>
</test>
<status status="PASS" starttime="20150909 23:05:36.631" endtime="20150909 23:05:38.342"></status>
</suite>
<statistics>
<total>
<stat pass="3" fail="0">Critical Tests</stat>
<stat pass="3" fail="0">All Tests</stat>
</total>
<tag>
</tag>
<suite>
<stat pass="3" id="s1" fail="0" name="TicTacToeTests">TicTacToeTests</stat>
</suite>
</statistics>
<errors>
</errors>
</robot>
