<?xml version="1.0" encoding="UTF-8"?>
<robot generator="Robot 2.9 (Jython 2.7.0 on java1.7.0_65)" generated="20150909 23:00:20.688">
<suite source="/Users/katiewood/Documents/TicTacToe_KW/acceptance/TicTacToeTests.txt" id="s1" name="TicTacToeTests">
<test id="s1-t1" name="Win Diagonally as X">
<kw library="TicTacToeKeywords" name="Start New Game">
<status status="PASS" starttime="20150909 23:00:21.407" endtime="20150909 23:00:21.415"></status>
</kw>
<kw library="TicTacToeKeywords" name="Mark Location">
<arguments>
<arg>1</arg>
<arg>1</arg>
</arguments>
<status status="PASS" starttime="20150909 23:00:21.418" endtime="20150909 23:00:21.425"></status>
</kw>
<kw name="Check Location">
<arguments>
<arg>1</arg>
<arg>1</arg>
<arg>X</arg>
</arguments>
<kw library="TicTacToeKeywords" name="Get Mark">
<arguments>
<arg>${row}</arg>
<arg>${col}</arg>
</arguments>
<assign>
<var>${m}</var>
</assign>
<msg timestamp="20150909 23:00:21.452" level="INFO">${m} = X</msg>
<status status="PASS" starttime="20150909 23:00:21.441" endtime="20150909 23:00:21.454"></status>
</kw>
<kw library="BuiltIn" name="Should Be Equal">
<doc>Fails if the given objects are unequal.</doc>
<arguments>
<arg>${m}</arg>
<arg>${mark}</arg>
</arguments>
<status status="PASS" starttime="20150909 23:00:21.457" endtime="20150909 23:00:21.466"></status>
</kw>
<status status="PASS" starttime="20150909 23:00:21.428" endtime="20150909 23:00:21.469"></status>
</kw>
<kw library="TicTacToeKeywords" name="Mark Location">
<arguments>
<arg>0</arg>
<arg>1</arg>
</arguments>
<status status="PASS" starttime="20150909 23:00:21.472" endtime="20150909 23:00:21.478"></status>
</kw>
<kw name="Check Location">
<arguments>
<arg>0</arg>
<arg>1</arg>
<arg>O</arg>
</arguments>
<kw library="TicTacToeKeywords" name="Get Mark">
<arguments>
<arg>${row}</arg>
<arg>${col}</arg>
</arguments>
<assign>
<var>${m}</var>
</assign>
<msg timestamp="20150909 23:00:21.497" level="INFO">${m} = O</msg>
<status status="PASS" starttime="20150909 23:00:21.489" endtime="20150909 23:00:21.499"></status>
</kw>
<kw library="BuiltIn" name="Should Be Equal">
<doc>Fails if the given objects are unequal.</doc>
<arguments>
<arg>${m}</arg>
<arg>${mark}</arg>
</arguments>
<status status="PASS" starttime="20150909 23:00:21.502" endtime="20150909 23:00:21.511"></status>
</kw>
<status status="PASS" starttime="20150909 23:00:21.481" endtime="20150909 23:00:21.514"></status>
</kw>
<kw library="TicTacToeKeywords" name="Mark Location">
<arguments>
<arg>0</arg>
<arg>0</arg>
</arguments>
<status status="PASS" starttime="20150909 23:00:21.517" endtime="20150909 23:00:21.524"></status>
</kw>
<kw name="Check Location">
<arguments>
<arg>0</arg>
<arg>0</arg>
<arg>X</arg>
</arguments>
<kw library="TicTacToeKeywords" name="Get Mark">
<arguments>
<arg>${row}</arg>
<arg>${col}</arg>
</arguments>
<assign>
<var>${m}</var>
</assign>
<msg timestamp="20150909 23:00:21.540" level="INFO">${m} = X</msg>
<status status="PASS" starttime="20150909 23:00:21.532" endtime="20150909 23:00:21.541"></status>
</kw>
<kw library="BuiltIn" name="Should Be Equal">
<doc>Fails if the given objects are unequal.</doc>
<arguments>
<arg>${m}</arg>
<arg>${mark}</arg>
</arguments>
<status status="PASS" starttime="20150909 23:00:21.543" endtime="20150909 23:00:21.549"></status>
</kw>
<status status="PASS" starttime="20150909 23:00:21.526" endtime="20150909 23:00:21.551"></status>
</kw>
<kw library="TicTacToeKeywords" name="Mark Location">
<arguments>
<arg>0</arg>
<arg>2</arg>
</arguments>
<status status="PASS" starttime="20150909 23:00:21.554" endtime="20150909 23:00:21.558"></status>
</kw>
<kw name="Check Location">
<arguments>
<arg>0</arg>
<arg>2</arg>
<arg>O</arg>
</arguments>
<kw library="TicTacToeKeywords" name="Get Mark">
<arguments>
<arg>${row}</arg>
<arg>${col}</arg>
</arguments>
<assign>
<var>${m}</var>
</assign>
<msg timestamp="20150909 23:00:21.572" level="INFO">${m} = O</msg>
<status status="PASS" starttime="20150909 23:00:21.565" endtime="20150909 23:00:21.573"></status>
</kw>
<kw library="BuiltIn" name="Should Be Equal">
<doc>Fails if the given objects are unequal.</doc>
<arguments>
<arg>${m}</arg>
<arg>${mark}</arg>
</arguments>
<status status="PASS" starttime="20150909 23:00:21.575" endtime="20150909 23:00:21.581"></status>
</kw>
<status status="PASS" starttime="20150909 23:00:21.559" endtime="20150909 23:00:21.583"></status>
</kw>
<kw library="TicTacToeKeywords" name="Mark Location">
<arguments>
<arg>2</arg>
<arg>2</arg>
</arguments>
<status status="PASS" starttime="20150909 23:00:21.586" endtime="20150909 23:00:21.592"></status>
</kw>
<kw name="Check Location">
<arguments>
<arg>2</arg>
<arg>2</arg>
<arg>X</arg>
</arguments>
<kw library="TicTacToeKeywords" name="Get Mark">
<arguments>
<arg>${row}</arg>
<arg>${col}</arg>
</arguments>
<assign>
<var>${m}</var>
</assign>
<msg timestamp="20150909 23:00:21.607" level="INFO">${m} = X</msg>
<status status="PASS" starttime="20150909 23:00:21.600" endtime="20150909 23:00:21.608"></status>
</kw>
<kw library="BuiltIn" name="Should Be Equal">
<doc>Fails if the given objects are unequal.</doc>
<arguments>
<arg>${m}</arg>
<arg>${mark}</arg>
</arguments>
<status status="PASS" starttime="20150909 23:00:21.611" endtime="20150909 23:00:21.616"></status>
</kw>
<status status="PASS" starttime="20150909 23:00:21.594" endtime="20150909 23:00:21.618"></status>
</kw>
<kw name="Winner Should Be">
<arguments>
<arg>X</arg>
</arguments>
<kw library="TicTacToeKeywords" name="Get Winner">
<assign>
<var>${m}</var>
</assign>
<msg timestamp="20150909 23:00:21.629" level="INFO">${m} = X</msg>
<status status="PASS" starttime="20150909 23:00:21.625" endtime="20150909 23:00:21.630"></status>
</kw>
<kw library="BuiltIn" name="Should Be Equal">
<doc>Fails if the given objects are unequal.</doc>
<arguments>
<arg>${m}</arg>
<arg>${mark}</arg>
</arguments>
<status status="PASS" starttime="20150909 23:00:21.633" endtime="20150909 23:00:21.639"></status>
</kw>
<status status="PASS" starttime="20150909 23:00:21.620" endtime="20150909 23:00:21.642"></status>
</kw>
<status status="PASS" starttime="20150909 23:00:21.395" endtime="20150909 23:00:21.644" critical="yes"></status>
</test>
<test id="s1-t2" name="Win Horizontally as O">
<kw library="TicTacToeKeywords" name="Start New Game">
<status status="PASS" starttime="20150909 23:00:21.655" endtime="20150909 23:00:21.661"></status>
</kw>
<kw library="TicTacToeKeywords" name="Mark Location">
<arguments>
<arg>1</arg>
<arg>1</arg>
</arguments>
<status status="PASS" starttime="20150909 23:00:21.664" endtime="20150909 23:00:21.668"></status>
</kw>
<kw name="Check Location">
<arguments>
<arg>1</arg>
<arg>1</arg>
<arg>X</arg>
</arguments>
<kw library="TicTacToeKeywords" name="Get Mark">
<arguments>
<arg>${row}</arg>
<arg>${col}</arg>
</arguments>
<assign>
<var>${m}</var>
</assign>
<msg timestamp="20150909 23:00:21.686" level="INFO">${m} = X</msg>
<status status="PASS" starttime="20150909 23:00:21.679" endtime="20150909 23:00:21.687"></status>
</kw>
<kw library="BuiltIn" name="Should Be Equal">
<doc>Fails if the given objects are unequal.</doc>
<arguments>
<arg>${m}</arg>
<arg>${mark}</arg>
</arguments>
<status status="PASS" starttime="20150909 23:00:21.690" endtime="20150909 23:00:21.696"></status>
</kw>
<status status="PASS" starttime="20150909 23:00:21.671" endtime="20150909 23:00:21.699"></status>
</kw>
<kw library="TicTacToeKeywords" name="Mark Location">
<arguments>
<arg>2</arg>
<arg>0</arg>
</arguments>
<status status="PASS" starttime="20150909 23:00:21.701" endtime="20150909 23:00:21.705"></status>
</kw>
<kw name="Check Location">
<arguments>
<arg>2</arg>
<arg>0</arg>
<arg>O</arg>
</arguments>
<kw library="TicTacToeKeywords" name="Get Mark">
<arguments>
<arg>${row}</arg>
<arg>${col}</arg>
</arguments>
<assign>
<var>${m}</var>
</assign>
<msg timestamp="20150909 23:00:21.719" level="INFO">${m} = O</msg>
<status status="PASS" starttime="20150909 23:00:21.713" endtime="20150909 23:00:21.720"></status>
</kw>
<kw library="BuiltIn" name="Should Be Equal">
<doc>Fails if the given objects are unequal.</doc>
<arguments>
<arg>${m}</arg>
<arg>${mark}</arg>
</arguments>
<status status="PASS" starttime="20150909 23:00:21.723" endtime="20150909 23:00:21.729"></status>
</kw>
<status status="PASS" starttime="20150909 23:00:21.707" endtime="20150909 23:00:21.735"></status>
</kw>
<kw library="TicTacToeKeywords" name="Mark Location">
<arguments>
<arg>0</arg>
<arg>0</arg>
</arguments>
<status status="PASS" starttime="20150909 23:00:21.737" endtime="20150909 23:00:21.743"></status>
</kw>
<kw name="Check Location">
<arguments>
<arg>0</arg>
<arg>0</arg>
<arg>X</arg>
</arguments>
<kw library="TicTacToeKeywords" name="Get Mark">
<arguments>
<arg>${row}</arg>
<arg>${col}</arg>
</arguments>
<assign>
<var>${m}</var>
</assign>
<msg timestamp="20150909 23:00:21.765" level="INFO">${m} = X</msg>
<status status="PASS" starttime="20150909 23:00:21.755" endtime="20150909 23:00:21.766"></status>
</kw>
<kw library="BuiltIn" name="Should Be Equal">
<doc>Fails if the given objects are unequal.</doc>
<arguments>
<arg>${m}</arg>
<arg>${mark}</arg>
</arguments>
<status status="PASS" starttime="20150909 23:00:21.769" endtime="20150909 23:00:21.779"></status>
</kw>
<status status="PASS" starttime="20150909 23:00:21.745" endtime="20150909 23:00:21.782"></status>
</kw>
<kw library="TicTacToeKeywords" name="Mark Location">
<arguments>
<arg>2</arg>
<arg>2</arg>
</arguments>
<status status="PASS" starttime="20150909 23:00:21.786" endtime="20150909 23:00:21.792"></status>
</kw>
<kw name="Check Location">
<arguments>
<arg>2</arg>
<arg>2</arg>
<arg>O</arg>
</arguments>
<kw library="TicTacToeKeywords" name="Get Mark">
<arguments>
<arg>${row}</arg>
<arg>${col}</arg>
</arguments>
<assign>
<var>${m}</var>
</assign>
<msg timestamp="20150909 23:00:21.814" level="INFO">${m} = O</msg>
<status status="PASS" starttime="20150909 23:00:21.804" endtime="20150909 23:00:21.815"></status>
</kw>
<kw library="BuiltIn" name="Should Be Equal">
<doc>Fails if the given objects are unequal.</doc>
<arguments>
<arg>${m}</arg>
<arg>${mark}</arg>
</arguments>
<status status="PASS" starttime="20150909 23:00:21.819" endtime="20150909 23:00:21.832"></status>
</kw>
<status status="PASS" starttime="20150909 23:00:21.794" endtime="20150909 23:00:21.835"></status>
</kw>
<kw library="TicTacToeKeywords" name="Mark Location">
<arguments>
<arg>0</arg>
<arg>2</arg>
</arguments>
<status status="PASS" starttime="20150909 23:00:21.839" endtime="20150909 23:00:21.845"></status>
</kw>
<kw name="Check Location">
<arguments>
<arg>0</arg>
<arg>2</arg>
<arg>X</arg>
</arguments>
<kw library="TicTacToeKeywords" name="Get Mark">
<arguments>
<arg>${row}</arg>
<arg>${col}</arg>
</arguments>
<assign>
<var>${m}</var>
</assign>
<msg timestamp="20150909 23:00:21.868" level="INFO">${m} = X</msg>
<status status="PASS" starttime="20150909 23:00:21.858" endtime="20150909 23:00:21.870"></status>
</kw>
<kw library="BuiltIn" name="Should Be Equal">
<doc>Fails if the given objects are unequal.</doc>
<arguments>
<arg>${m}</arg>
<arg>${mark}</arg>
</arguments>
<status status="PASS" starttime="20150909 23:00:21.873" endtime="20150909 23:00:21.883"></status>
</kw>
<status status="PASS" starttime="20150909 23:00:21.848" endtime="20150909 23:00:21.886"></status>
</kw>
<kw library="TicTacToeKeywords" name="Mark Location">
<arguments>
<arg>2</arg>
<arg>1</arg>
</arguments>
<status status="PASS" starttime="20150909 23:00:21.890" endtime="20150909 23:00:21.896"></status>
</kw>
<kw name="Check Location">
<arguments>
<arg>2</arg>
<arg>1</arg>
<arg>O</arg>
</arguments>
<kw library="TicTacToeKeywords" name="Get Mark">
<arguments>
<arg>${row}</arg>
<arg>${col}</arg>
</arguments>
<assign>
<var>${m}</var>
</assign>
<msg timestamp="20150909 23:00:21.916" level="INFO">${m} = O</msg>
<status status="PASS" starttime="20150909 23:00:21.908" endtime="20150909 23:00:21.919"></status>
</kw>
<kw library="BuiltIn" name="Should Be Equal">
<doc>Fails if the given objects are unequal.</doc>
<arguments>
<arg>${m}</arg>
<arg>${mark}</arg>
</arguments>
<status status="PASS" starttime="20150909 23:00:21.922" endtime="20150909 23:00:21.930"></status>
</kw>
<status status="PASS" starttime="20150909 23:00:21.899" endtime="20150909 23:00:21.932"></status>
</kw>
<kw name="Winner Should Be">
<arguments>
<arg>O</arg>
</arguments>
<kw library="TicTacToeKeywords" name="Get Winner">
<assign>
<var>${m}</var>
</assign>
<msg timestamp="20150909 23:00:21.947" level="INFO">${m} = O</msg>
<status status="PASS" starttime="20150909 23:00:21.943" endtime="20150909 23:00:21.949"></status>
</kw>
<kw library="BuiltIn" name="Should Be Equal">
<doc>Fails if the given objects are unequal.</doc>
<arguments>
<arg>${m}</arg>
<arg>${mark}</arg>
</arguments>
<status status="PASS" starttime="20150909 23:00:21.951" endtime="20150909 23:00:21.957"></status>
</kw>
<status status="PASS" starttime="20150909 23:00:21.935" endtime="20150909 23:00:21.959"></status>
</kw>
<status status="PASS" starttime="20150909 23:00:21.647" endtime="20150909 23:00:21.962" critical="yes"></status>
</test>
<test id="s1-t3" name="Force a Tie">
<kw library="TicTacToeKeywords" name="Start New Game">
<status status="PASS" starttime="20150909 23:00:21.973" endtime="20150909 23:00:21.977"></status>
</kw>
<kw library="TicTacToeKeywords" name="Mark Location">
<arguments>
<arg>1</arg>
<arg>1</arg>
</arguments>
<status status="PASS" starttime="20150909 23:00:21.979" endtime="20150909 23:00:21.984"></status>
</kw>
<kw name="Check Location">
<arguments>
<arg>1</arg>
<arg>1</arg>
<arg>X</arg>
</arguments>
<kw library="TicTacToeKeywords" name="Get Mark">
<arguments>
<arg>${row}</arg>
<arg>${col}</arg>
</arguments>
<assign>
<var>${m}</var>
</assign>
<msg timestamp="20150909 23:00:22.003" level="INFO">${m} = X</msg>
<status status="PASS" starttime="20150909 23:00:21.996" endtime="20150909 23:00:22.004"></status>
</kw>
<kw library="BuiltIn" name="Should Be Equal">
<doc>Fails if the given objects are unequal.</doc>
<arguments>
<arg>${m}</arg>
<arg>${mark}</arg>
</arguments>
<status status="PASS" starttime="20150909 23:00:22.006" endtime="20150909 23:00:22.013"></status>
</kw>
<status status="PASS" starttime="20150909 23:00:21.987" endtime="20150909 23:00:22.016"></status>
</kw>
<kw library="TicTacToeKeywords" name="Mark Location">
<arguments>
<arg>0</arg>
<arg>0</arg>
</arguments>
<status status="PASS" starttime="20150909 23:00:22.019" endtime="20150909 23:00:22.024"></status>
</kw>
<kw name="Check Location">
<arguments>
<arg>0</arg>
<arg>0</arg>
<arg>O</arg>
</arguments>
<kw library="TicTacToeKeywords" name="Get Mark">
<arguments>
<arg>${row}</arg>
<arg>${col}</arg>
</arguments>
<assign>
<var>${m}</var>
</assign>
<msg timestamp="20150909 23:00:22.040" level="INFO">${m} = O</msg>
<status status="PASS" starttime="20150909 23:00:22.033" endtime="20150909 23:00:22.041"></status>
</kw>
<kw library="BuiltIn" name="Should Be Equal">
<doc>Fails if the given objects are unequal.</doc>
<arguments>
<arg>${m}</arg>
<arg>${mark}</arg>
</arguments>
<status status="PASS" starttime="20150909 23:00:22.043" endtime="20150909 23:00:22.048"></status>
</kw>
<status status="PASS" starttime="20150909 23:00:22.026" endtime="20150909 23:00:22.049"></status>
</kw>
<kw library="TicTacToeKeywords" name="Mark Location">
<arguments>
<arg>2</arg>
<arg>0</arg>
</arguments>
<status status="PASS" starttime="20150909 23:00:22.052" endtime="20150909 23:00:22.055"></status>
</kw>
<kw name="Check Location">
<arguments>
<arg>2</arg>
<arg>0</arg>
<arg>X</arg>
</arguments>
<kw library="TicTacToeKeywords" name="Get Mark">
<arguments>
<arg>${row}</arg>
<arg>${col}</arg>
</arguments>
<assign>
<var>${m}</var>
</assign>
<msg timestamp="20150909 23:00:22.070" level="INFO">${m} = X</msg>
<status status="PASS" starttime="20150909 23:00:22.063" endtime="20150909 23:00:22.070"></status>
</kw>
<kw library="BuiltIn" name="Should Be Equal">
<doc>Fails if the given objects are unequal.</doc>
<arguments>
<arg>${m}</arg>
<arg>${mark}</arg>
</arguments>
<status status="PASS" starttime="20150909 23:00:22.072" endtime="20150909 23:00:22.077"></status>
</kw>
<status status="PASS" starttime="20150909 23:00:22.057" endtime="20150909 23:00:22.079"></status>
</kw>
<kw library="TicTacToeKeywords" name="Mark Location">
<arguments>
<arg>0</arg>
<arg>2</arg>
</arguments>
<status status="PASS" starttime="20150909 23:00:22.081" endtime="20150909 23:00:22.084"></status>
</kw>
<kw name="Check Location">
<arguments>
<arg>0</arg>
<arg>2</arg>
<arg>O</arg>
</arguments>
<kw library="TicTacToeKeywords" name="Get Mark">
<arguments>
<arg>${row}</arg>
<arg>${col}</arg>
</arguments>
<assign>
<var>${m}</var>
</assign>
<msg timestamp="20150909 23:00:22.099" level="INFO">${m} = O</msg>
<status status="PASS" starttime="20150909 23:00:22.092" endtime="20150909 23:00:22.100"></status>
</kw>
<kw library="BuiltIn" name="Should Be Equal">
<doc>Fails if the given objects are unequal.</doc>
<arguments>
<arg>${m}</arg>
<arg>${mark}</arg>
</arguments>
<status status="PASS" starttime="20150909 23:00:22.102" endtime="20150909 23:00:22.107"></status>
</kw>
<status status="PASS" starttime="20150909 23:00:22.086" endtime="20150909 23:00:22.109"></status>
</kw>
<kw library="TicTacToeKeywords" name="Mark Location">
<arguments>
<arg>0</arg>
<arg>1</arg>
</arguments>
<status status="PASS" starttime="20150909 23:00:22.112" endtime="20150909 23:00:22.116"></status>
</kw>
<kw name="Check Location">
<arguments>
<arg>0</arg>
<arg>1</arg>
<arg>X</arg>
</arguments>
<kw library="TicTacToeKeywords" name="Get Mark">
<arguments>
<arg>${row}</arg>
<arg>${col}</arg>
</arguments>
<assign>
<var>${m}</var>
</assign>
<msg timestamp="20150909 23:00:22.132" level="INFO">${m} = X</msg>
<status status="PASS" starttime="20150909 23:00:22.126" endtime="20150909 23:00:22.132"></status>
</kw>
<kw library="BuiltIn" name="Should Be Equal">
<doc>Fails if the given objects are unequal.</doc>
<arguments>
<arg>${m}</arg>
<arg>${mark}</arg>
</arguments>
<status status="PASS" starttime="20150909 23:00:22.134" endtime="20150909 23:00:22.140"></status>
</kw>
<status status="PASS" starttime="20150909 23:00:22.118" endtime="20150909 23:00:22.142"></status>
</kw>
<kw library="TicTacToeKeywords" name="Mark Location">
<arguments>
<arg>2</arg>
<arg>1</arg>
</arguments>
<status status="PASS" starttime="20150909 23:00:22.144" endtime="20150909 23:00:22.147"></status>
</kw>
<kw name="Check Location">
<arguments>
<arg>2</arg>
<arg>1</arg>
<arg>O</arg>
</arguments>
<kw library="TicTacToeKeywords" name="Get Mark">
<arguments>
<arg>${row}</arg>
<arg>${col}</arg>
</arguments>
<assign>
<var>${m}</var>
</assign>
<msg timestamp="20150909 23:00:22.161" level="INFO">${m} = O</msg>
<status status="PASS" starttime="20150909 23:00:22.155" endtime="20150909 23:00:22.162"></status>
</kw>
<kw library="BuiltIn" name="Should Be Equal">
<doc>Fails if the given objects are unequal.</doc>
<arguments>
<arg>${m}</arg>
<arg>${mark}</arg>
</arguments>
<status status="PASS" starttime="20150909 23:00:22.164" endtime="20150909 23:00:22.172"></status>
</kw>
<status status="PASS" starttime="20150909 23:00:22.149" endtime="20150909 23:00:22.175"></status>
</kw>
<kw library="TicTacToeKeywords" name="Mark Location">
<arguments>
<arg>1</arg>
<arg>2</arg>
</arguments>
<status status="PASS" starttime="20150909 23:00:22.178" endtime="20150909 23:00:22.183"></status>
</kw>
<kw name="Check Location">
<arguments>
<arg>1</arg>
<arg>2</arg>
<arg>X</arg>
</arguments>
<kw library="TicTacToeKeywords" name="Get Mark">
<arguments>
<arg>${row}</arg>
<arg>${col}</arg>
</arguments>
<assign>
<var>${m}</var>
</assign>
<msg timestamp="20150909 23:00:22.198" level="INFO">${m} = X</msg>
<status status="PASS" starttime="20150909 23:00:22.192" endtime="20150909 23:00:22.199"></status>
</kw>
<kw library="BuiltIn" name="Should Be Equal">
<doc>Fails if the given objects are unequal.</doc>
<arguments>
<arg>${m}</arg>
<arg>${mark}</arg>
</arguments>
<status status="PASS" starttime="20150909 23:00:22.202" endtime="20150909 23:00:22.208"></status>
</kw>
<status status="PASS" starttime="20150909 23:00:22.185" endtime="20150909 23:00:22.210"></status>
</kw>
<kw library="TicTacToeKeywords" name="Mark Location">
<arguments>
<arg>1</arg>
<arg>0</arg>
</arguments>
<status status="PASS" starttime="20150909 23:00:22.212" endtime="20150909 23:00:22.217"></status>
</kw>
<kw name="Check Location">
<arguments>
<arg>1</arg>
<arg>0</arg>
<arg>O</arg>
</arguments>
<kw library="TicTacToeKeywords" name="Get Mark">
<arguments>
<arg>${row}</arg>
<arg>${col}</arg>
</arguments>
<assign>
<var>${m}</var>
</assign>
<msg timestamp="20150909 23:00:22.234" level="INFO">${m} = O</msg>
<status status="PASS" starttime="20150909 23:00:22.227" endtime="20150909 23:00:22.235"></status>
</kw>
<kw library="BuiltIn" name="Should Be Equal">
<doc>Fails if the given objects are unequal.</doc>
<arguments>
<arg>${m}</arg>
<arg>${mark}</arg>
</arguments>
<status status="PASS" starttime="20150909 23:00:22.238" endtime="20150909 23:00:22.245"></status>
</kw>
<status status="PASS" starttime="20150909 23:00:22.220" endtime="20150909 23:00:22.247"></status>
</kw>
<kw library="TicTacToeKeywords" name="Mark Location">
<arguments>
<arg>2</arg>
<arg>2</arg>
</arguments>
<status status="PASS" starttime="20150909 23:00:22.251" endtime="20150909 23:00:22.257"></status>
</kw>
<kw name="Check Location">
<arguments>
<arg>2</arg>
<arg>2</arg>
<arg>X</arg>
</arguments>
<kw library="TicTacToeKeywords" name="Get Mark">
<arguments>
<arg>${row}</arg>
<arg>${col}</arg>
</arguments>
<assign>
<var>${m}</var>
</assign>
<msg timestamp="20150909 23:00:22.274" level="INFO">${m} = X</msg>
<status status="PASS" starttime="20150909 23:00:22.266" endtime="20150909 23:00:22.275"></status>
</kw>
<kw library="BuiltIn" name="Should Be Equal">
<doc>Fails if the given objects are unequal.</doc>
<arguments>
<arg>${m}</arg>
<arg>${mark}</arg>
</arguments>
<status status="PASS" starttime="20150909 23:00:22.278" endtime="20150909 23:00:22.285"></status>
</kw>
<status status="PASS" starttime="20150909 23:00:22.259" endtime="20150909 23:00:22.287"></status>
</kw>
<kw name="Winner Should Be">
<arguments>
<arg>TIE</arg>
</arguments>
<kw library="TicTacToeKeywords" name="Get Winner">
<assign>
<var>${m}</var>
</assign>
<msg timestamp="20150909 23:00:22.299" level="INFO">${m} = TIE</msg>
<status status="PASS" starttime="20150909 23:00:22.296" endtime="20150909 23:00:22.300"></status>
</kw>
<kw library="BuiltIn" name="Should Be Equal">
<doc>Fails if the given objects are unequal.</doc>
<arguments>
<arg>${m}</arg>
<arg>${mark}</arg>
</arguments>
<status status="PASS" starttime="20150909 23:00:22.302" endtime="20150909 23:00:22.307"></status>
</kw>
<status status="PASS" starttime="20150909 23:00:22.290" endtime="20150909 23:00:22.309"></status>
</kw>
<status status="PASS" starttime="20150909 23:00:21.965" endtime="20150909 23:00:22.311" critical="yes"></status>
</test>
<status status="PASS" starttime="20150909 23:00:20.721" endtime="20150909 23:00:22.317"></status>
</suite>
<statistics>
<total>
<stat pass="3" fail="0">Critical Tests</stat>
<stat pass="3" fail="0">All Tests</stat>
</total>
<tag>
</tag>
<suite>
<stat pass="3" id="s1" fail="0" name="TicTacToeTests">TicTacToeTests</stat>
</suite>
</statistics>
<errors>
</errors>
</robot>
